[2026-06-03 06:21:05,728] ERROR django.server: You're accessing the development server over HTTPS, but it only supports HTTP.
[2026-06-03 06:21:05,736] ERROR django.server: You're accessing the development server over HTTPS, but it only supports HTTP.
[2026-06-03 06:21:08,157] ERROR django.server: You're accessing the development server over HTTPS, but it only supports HTTP.
[2026-06-03 06:21:08,162] ERROR django.server: You're accessing the development server over HTTPS, but it only supports HTTP.
[2026-06-03 06:21:08,174] ERROR django.server: You're accessing the development server over HTTPS, but it only supports HTTP.
[2026-06-03 06:21:08,176] ERROR django.server: You're accessing the development server over HTTPS, but it only supports HTTP.
[2026-06-03 06:21:08,191] ERROR django.server: You're accessing the development server over HTTPS, but it only supports HTTP.
[2026-06-03 06:21:08,192] ERROR django.server: You're accessing the development server over HTTPS, but it only supports HTTP.
[2026-06-03 06:21:09,735] ERROR django.server: You're accessing the development server over HTTPS, but it only supports HTTP.
[2026-06-03 06:21:09,738] ERROR django.server: You're accessing the development server over HTTPS, but it only supports HTTP.
[2026-06-03 06:21:20,731] ERROR django.server: You're accessing the development server over HTTPS, but it only supports HTTP.
[2026-06-03 06:21:20,738] ERROR django.server: You're accessing the development server over HTTPS, but it only supports HTTP.
[2026-06-03 06:21:21,896] ERROR django.server: You're accessing the development server over HTTPS, but it only supports HTTP.
[2026-06-03 06:21:21,902] ERROR django.server: You're accessing the development server over HTTPS, but it only supports HTTP.
[2026-06-03 06:22:50,245] ERROR django.server: You're accessing the development server over HTTPS, but it only supports HTTP.
[2026-06-03 06:22:50,254] ERROR django.server: You're accessing the development server over HTTPS, but it only supports HTTP.
[2026-06-03 06:22:50,264] ERROR django.server: You're accessing the development server over HTTPS, but it only supports HTTP.
[2026-06-03 06:22:50,269] ERROR django.server: You're accessing the development server over HTTPS, but it only supports HTTP.
[2026-06-03 06:22:51,589] ERROR django.server: You're accessing the development server over HTTPS, but it only supports HTTP.
[2026-06-03 06:22:51,597] ERROR django.server: You're accessing the development server over HTTPS, but it only supports HTTP.
[2026-06-03 06:22:51,601] ERROR django.server: You're accessing the development server over HTTPS, but it only supports HTTP.
[2026-06-03 06:22:51,607] ERROR django.server: You're accessing the development server over HTTPS, but it only supports HTTP.
[2026-06-03 07:16:07,671] WARNING django.request: Not Found: /favicon.ico
[2026-06-03 07:16:07,674] WARNING django.server: "GET /favicon.ico HTTP/1.1" 404 9582
[2026-06-03 07:16:23,034] ERROR django.server: You're accessing the development server over HTTPS, but it only supports HTTP.
[2026-06-03 07:16:23,069] ERROR django.server: You're accessing the development server over HTTPS, but it only supports HTTP.
[2026-06-03 07:16:23,072] ERROR django.server: You're accessing the development server over HTTPS, but it only supports HTTP.
[2026-06-03 07:16:23,090] ERROR django.server: You're accessing the development server over HTTPS, but it only supports HTTP.
[2026-06-03 07:17:42,980] ERROR django.server: You're accessing the development server over HTTPS, but it only supports HTTP.
[2026-06-03 07:17:42,982] ERROR django.server: You're accessing the development server over HTTPS, but it only supports HTTP.
[2026-06-03 07:17:42,988] ERROR django.server: You're accessing the development server over HTTPS, but it only supports HTTP.
[2026-06-03 07:17:42,991] ERROR django.server: You're accessing the development server over HTTPS, but it only supports HTTP.
[2026-06-03 07:17:49,185] ERROR django.server: You're accessing the development server over HTTPS, but it only supports HTTP.
[2026-06-03 07:17:49,193] ERROR django.server: You're accessing the development server over HTTPS, but it only supports HTTP.
[2026-06-03 07:17:49,198] ERROR django.server: You're accessing the development server over HTTPS, but it only supports HTTP.
[2026-06-03 07:17:49,199] ERROR django.server: You're accessing the development server over HTTPS, but it only supports HTTP.
[2026-06-03 07:17:50,157] ERROR django.server: You're accessing the development server over HTTPS, but it only supports HTTP.
[2026-06-03 07:17:50,169] ERROR django.server: You're accessing the development server over HTTPS, but it only supports HTTP.
[2026-06-03 07:17:50,173] ERROR django.server: You're accessing the development server over HTTPS, but it only supports HTTP.
[2026-06-03 07:17:50,175] ERROR django.server: You're accessing the development server over HTTPS, but it only supports HTTP.
[2026-06-03 07:18:02,219] ERROR django.server: You're accessing the development server over HTTPS, but it only supports HTTP.
[2026-06-03 07:18:02,223] ERROR django.server: You're accessing the development server over HTTPS, but it only supports HTTP.
[2026-06-03 07:18:02,229] ERROR django.server: You're accessing the development server over HTTPS, but it only supports HTTP.
[2026-06-03 07:18:02,236] ERROR django.server: You're accessing the development server over HTTPS, but it only supports HTTP.
[2026-06-03 07:18:07,866] ERROR django.server: You're accessing the development server over HTTPS, but it only supports HTTP.
[2026-06-03 07:18:07,870] ERROR django.server: You're accessing the development server over HTTPS, but it only supports HTTP.
[2026-06-03 07:18:07,873] ERROR django.server: You're accessing the development server over HTTPS, but it only supports HTTP.
[2026-06-03 07:18:07,874] ERROR django.server: You're accessing the development server over HTTPS, but it only supports HTTP.
[2026-06-03 07:18:11,539] ERROR django.server: You're accessing the development server over HTTPS, but it only supports HTTP.
[2026-06-03 07:18:11,542] ERROR django.server: You're accessing the development server over HTTPS, but it only supports HTTP.
[2026-06-03 07:18:11,543] ERROR django.server: You're accessing the development server over HTTPS, but it only supports HTTP.
[2026-06-03 07:18:11,547] ERROR django.server: You're accessing the development server over HTTPS, but it only supports HTTP.
[2026-06-03 07:18:19,472] ERROR django.server: You're accessing the development server over HTTPS, but it only supports HTTP.
[2026-06-03 07:18:19,475] ERROR django.server: You're accessing the development server over HTTPS, but it only supports HTTP.
[2026-06-03 07:18:19,476] ERROR django.server: You're accessing the development server over HTTPS, but it only supports HTTP.
[2026-06-03 07:18:19,478] ERROR django.server: You're accessing the development server over HTTPS, but it only supports HTTP.
[2026-06-03 09:24:21,612] WARNING django.request: Not Found: /favicon.ico
[2026-06-03 09:24:21,614] WARNING django.server: "GET /favicon.ico HTTP/1.1" 404 9582
[2026-06-03 10:31:57,052] WARNING django.request: Not Found: /ADMIN
[2026-06-03 10:31:57,053] WARNING django.server: "GET /ADMIN HTTP/1.1" 404 9564
[2026-06-03 10:31:57,254] WARNING django.request: Not Found: /favicon.ico
[2026-06-03 10:31:57,255] WARNING django.server: "GET /favicon.ico HTTP/1.1" 404 9582
[2026-06-03 10:33:29,467] ERROR django.request: Internal Server Error: /admin/axes/accessattempt/
Traceback (most recent call last):
  File "C:\Users\Dion\AppData\Local\Programs\Python\Python313\Lib\site-packages\django\core\handlers\exception.py", line 55, in inner
    response = get_response(request)
  File "C:\Users\Dion\AppData\Local\Programs\Python\Python313\Lib\site-packages\django\core\handlers\base.py", line 198, in _get_response
    response = wrapped_callback(request, *callback_args, **callback_kwargs)
  File "C:\Users\Dion\AppData\Local\Programs\Python\Python313\Lib\site-packages\django\contrib\admin\options.py", line 711, in wrapper
    return self.admin_site.admin_view(view)(*args, **kwargs)
           ~~~~~~~~~~~~~~~~~~~~~~~~~~~~~~~~^^^^^^^^^^^^^^^^^
  File "C:\Users\Dion\AppData\Local\Programs\Python\Python313\Lib\site-packages\django\utils\decorators.py", line 192, in _view_wrapper
    result = _process_exception(request, e)
  File "C:\Users\Dion\AppData\Local\Programs\Python\Python313\Lib\site-packages\django\utils\decorators.py", line 190, in _view_wrapper
    response = view_func(request, *args, **kwargs)
  File "C:\Users\Dion\AppData\Local\Programs\Python\Python313\Lib\site-packages\django\views\decorators\cache.py", line 80, in _view_wrapper
    response = view_func(request, *args, **kwargs)
  File "C:\Users\Dion\AppData\Local\Programs\Python\Python313\Lib\site-packages\django\contrib\admin\sites.py", line 247, in inner
    return view(request, *args, **kwargs)
  File "C:\Users\Dion\AppData\Local\Programs\Python\Python313\Lib\site-packages\django\utils\decorators.py", line 48, in _wrapper
    return bound_method(*args, **kwargs)
  File "C:\Users\Dion\AppData\Local\Programs\Python\Python313\Lib\site-packages\django\utils\decorators.py", line 192, in _view_wrapper
    result = _process_exception(request, e)
  File "C:\Users\Dion\AppData\Local\Programs\Python\Python313\Lib\site-packages\django\utils\decorators.py", line 190, in _view_wrapper
    response = view_func(request, *args, **kwargs)
  File "C:\Users\Dion\AppData\Local\Programs\Python\Python313\Lib\site-packages\django\contrib\admin\options.py", line 2016, in changelist_view
    response = self.response_action(
        request, queryset=cl.get_queryset(request)
    )
  File "C:\Users\Dion\AppData\Local\Programs\Python\Python313\Lib\site-packages\django\contrib\admin\options.py", line 1645, in response_action
    response = func(self, request, queryset)
  File "C:\Users\Dion\AppData\Local\Programs\Python\Python313\Lib\site-packages\axes\admin.py", line 81, in cleanup_expired_attempts
    count = self.handler.clean_expired_user_attempts(request=request)
  File "C:\Users\Dion\AppData\Local\Programs\Python\Python313\Lib\site-packages\axes\handlers\database.py", line 421, in clean_expired_user_attempts
    threshold = get_cool_off_threshold(request)
  File "C:\Users\Dion\AppData\Local\Programs\Python\Python313\Lib\site-packages\axes\attempts.py", line 23, in get_cool_off_threshold
    attempt_time = request.axes_attempt_time  # type: ignore[union-attr]
                   ^^^^^^^^^^^^^^^^^^^^^^^^^
AttributeError: 'WSGIRequest' object has no attribute 'axes_attempt_time'
[2026-06-03 10:33:29,497] ERROR django.server: "POST /admin/axes/accessattempt/ HTTP/1.1" 500 142034
[2026-06-03 12:53:42,823] WARNING django.request: Too Many Requests: /login/
[2026-06-03 12:53:55,584] WARNING django.request: Too Many Requests: /login/
[2026-06-03 12:53:55,594] WARNING django.request: Too Many Requests: /login/
[2026-06-03 12:55:21,116] WARNING django.request: Too Many Requests: /login/
[2026-06-03 12:55:35,900] WARNING django.request: Too Many Requests: /login/
[2026-06-03 12:55:35,916] WARNING django.request: Too Many Requests: /login/
[2026-06-03 12:55:59,408] WARNING django.request: Not Found: /favicon.ico
[2026-06-03 12:55:59,411] WARNING django.server: "GET /favicon.ico HTTP/1.1" 404 9582
[2026-06-03 18:57:20,277] WARNING django.request: Not Found: /favicon.ico
[2026-06-03 18:57:20,278] WARNING django.server: "GET /favicon.ico HTTP/1.1" 404 9582
[2026-06-03 19:13:49,486] WARNING django.security.csrf: Forbidden (CSRF token from POST incorrect.): /admin/login/
[2026-06-03 19:13:49,488] WARNING django.server: "POST /admin/login/?next=/admin/ HTTP/1.1" 403 2503
[2026-06-03 19:15:09,670] WARNING django.security.csrf: Forbidden (CSRF token from POST incorrect.): /login/
[2026-06-03 19:15:09,673] WARNING django.server: "POST /login/ HTTP/1.1" 403 2503
[2026-06-03 19:15:13,383] WARNING django.security.csrf: Forbidden (CSRF token from POST incorrect.): /login/
[2026-06-03 19:15:13,387] WARNING django.server: "POST /login/ HTTP/1.1" 403 2503
